<?xml version="1.0" encoding="UTF-8"?>
<!-- Generated by org.testng.reporters.JUnitReportReporter -->
<testsuite hostname="SuneelReddy-PC" name="workingWithWebDriver.TestNg" tests="1" failures="0" timestamp="27 Nov 2016 03:05:14 GMT" time="6.258" errors="0">
  <testcase name="testCase" time="6.258" classname="workingWithWebDriver.TestNg"/>
</testsuite> <!-- workingWithWebDriver.TestNg -->
